<?xml version="1.0" encoding="UTF-8"?>
<testng-results ignored="0" total="2" passed="2" failed="0" skipped="0">
  <reporter-output>
  </reporter-output>
  <suite started-at="2022-09-14T20:39:44 IST" name="Suite" finished-at="2022-09-14T20:39:45 IST" duration-ms="893">
    <groups>
    </groups>
    <test started-at="2022-09-14T20:39:44 IST" name="Test" finished-at="2022-09-14T20:39:45 IST" duration-ms="893">
      <class name="vagrant_test.TestVagrant">
        <test-method is-config="true" signature="method()[pri:0, instance:vagrant_test.TestVagrant@5119fb47]" started-at="2022-09-14T20:39:45 IST" name="method" finished-at="2022-09-14T20:39:45 IST" duration-ms="100" status="PASS">
          <reporter-output>
          </reporter-output>
        </test-method> <!-- method -->
        <test-method signature="FourForeginPlayer()[pri:0, instance:vagrant_test.TestVagrant@5119fb47]" started-at="2022-09-14T20:39:45 IST" name="FourForeginPlayer" finished-at="2022-09-14T20:39:45 IST" duration-ms="41" status="PASS">
          <reporter-output>
          </reporter-output>
        </test-method> <!-- FourForeginPlayer -->
        <test-method signature="OneWicketKeeper()[pri:0, instance:vagrant_test.TestVagrant@5119fb47]" started-at="2022-09-14T20:39:45 IST" name="OneWicketKeeper" finished-at="2022-09-14T20:39:45 IST" duration-ms="2" status="PASS">
          <reporter-output>
          </reporter-output>
        </test-method> <!-- OneWicketKeeper -->
      </class> <!-- vagrant_test.TestVagrant -->
    </test> <!-- Test -->
  </suite> <!-- Suite -->
</testng-results>
